#-----------------------------------------------------------
# Vivado v2016.4 (64-bit)
# SW Build 1756540 on Mon Jan 23 19:11:23 MST 2017
# IP Build 1755317 on Mon Jan 23 20:30:07 MST 2017
# Start of session at: Tue Apr 04 16:40:16 2017
# Process ID: 18100
# Current directory: C:/Embedded/GITES/MotorControl
# Command line: vivado.exe -gui_launcher_event rodinguilauncherevent18424 C:\Embedded\GITES\MotorControl\MotorControl.xpr
# Log file: C:/Embedded/GITES/MotorControl/vivado.log
# Journal file: C:/Embedded/GITES/MotorControl\vivado.jou
#-----------------------------------------------------------
start_gui
open_project C:/Embedded/GITES/MotorControl/MotorControl.xpr
INFO: [Project 1-313] Project file moved from 'D:/GITES/MotorControl' since last save.
Scanning sources...
Finished scanning sources
INFO: [IP_Flow 19-234] Refreshing IP repositories
INFO: [IP_Flow 19-1700] Loaded user IP repository 'c:/Embedded/GITES/ip_repo/PI_CTRL_1.0'.
INFO: [IP_Flow 19-1700] Loaded user IP repository 'c:/Embedded/GITES/ip_repo/StateController_1.0'.
INFO: [IP_Flow 19-1700] Loaded user IP repository 'c:/Embedded/GITES/ip_repo/PWM_1.0'.
INFO: [IP_Flow 19-2313] Loaded Vivado IP repository 'C:/Xilinx/Vivado/2016.4/data/ip'.
open_project: Time (s): cpu = 00:00:19 ; elapsed = 00:00:10 . Memory (MB): peak = 846.871 ; gain = 179.066
launch_sdk -workspace C:/Embedded/GITES/MotorControl/MotorControl.sdk -hwspec C:/Embedded/GITES/MotorControl/MotorControl.sdk/motorctrl_wrapper.hdf
INFO: [Vivado 12-393] Launching SDK...
INFO: [Vivado 12-417] Running xsdk -workspace C:/Embedded/GITES/MotorControl/MotorControl.sdk -hwspec C:/Embedded/GITES/MotorControl/MotorControl.sdk/motorctrl_wrapper.hdf
INFO: [Vivado 12-3157] SDK launch initiated. Please check console for any further messages.
launch_sdk -workspace C:/Embedded/GITES/MotorControl/MotorControl.sdk -hwspec C:/Embedded/GITES/MotorControl/MotorControl.sdk/motorctrl_wrapper.hdf
INFO: [Vivado 12-393] Launching SDK...
INFO: [Vivado 12-417] Running xsdk -workspace C:/Embedded/GITES/MotorControl/MotorControl.sdk -hwspec C:/Embedded/GITES/MotorControl/MotorControl.sdk/motorctrl_wrapper.hdf
INFO: [Vivado 12-3157] SDK launch initiated. Please check console for any further messages.
launch_sdk -workspace C:/Embedded/GITES/MotorControl/MotorControl.sdk -hwspec C:/Embedded/GITES/MotorControl/MotorControl.sdk/motorctrl_wrapper.hdf
INFO: [Vivado 12-393] Launching SDK...
INFO: [Vivado 12-417] Running xsdk -workspace C:/Embedded/GITES/MotorControl/MotorControl.sdk -hwspec C:/Embedded/GITES/MotorControl/MotorControl.sdk/motorctrl_wrapper.hdf
INFO: [Vivado 12-3157] SDK launch initiated. Please check console for any further messages.
launch_sdk -workspace C:/Embedded/GITES/MotorControl/MotorControl.sdk -hwspec C:/Embedded/GITES/MotorControl/MotorControl.sdk/motorctrl_wrapper.hdf
INFO: [Vivado 12-393] Launching SDK...
INFO: [Vivado 12-417] Running xsdk -workspace C:/Embedded/GITES/MotorControl/MotorControl.sdk -hwspec C:/Embedded/GITES/MotorControl/MotorControl.sdk/motorctrl_wrapper.hdf
INFO: [Vivado 12-3157] SDK launch initiated. Please check console for any further messages.
exit
INFO: [Common 17-206] Exiting Vivado at Tue Apr 04 17:30:21 2017...
