15:37:39 INFO  : Registering command handlers for SDK TCF services
15:37:39 INFO  : Launching XSCT server: xsct.bat -interactive D:\GITES\MotorControl\MotorControl.sdk\temp_xsdb_launch_script.tcl
15:37:41 INFO  : XSCT server has started successfully.
15:37:42 INFO  : Successfully done setting XSCT server connection channel  
15:37:42 INFO  : Successfully done setting SDK workspace  
15:37:42 INFO  : Processing command line option -hwspec D:/GITES/MotorControl/MotorControl.sdk/motorctrl_wrapper.hdf.
16:06:11 INFO  : Registering command handlers for SDK TCF services
16:06:11 INFO  : Launching XSCT server: xsct.bat -interactive D:\GITES\MotorControl\MotorControl.sdk\temp_xsdb_launch_script.tcl
16:06:13 INFO  : XSCT server has started successfully.
16:06:14 INFO  : Successfully done setting XSCT server connection channel  
16:06:14 INFO  : Successfully done setting SDK workspace  
16:06:14 INFO  : Processing command line option -hwspec D:/GITES/MotorControl/MotorControl.sdk/motorctrl_wrapper.hdf.
16:06:14 INFO  : Checking for hwspec changes in the project motorctrl_wrapper_hw_platform_0.
16:40:55 INFO  : Registering command handlers for SDK TCF services
16:40:56 INFO  : Launching XSCT server: xsct.bat -interactive C:\Embedded\GITES\MotorControl\MotorControl.sdk\temp_xsdb_launch_script.tcl
16:40:59 INFO  : XSCT server has started successfully.
16:41:00 INFO  : Successfully done setting XSCT server connection channel  
16:41:00 INFO  : Processing command line option -hwspec C:/Embedded/GITES/MotorControl/MotorControl.sdk/motorctrl_wrapper.hdf.
16:41:00 INFO  : Successfully done setting SDK workspace  
16:41:31 INFO  : Registering command handlers for SDK TCF services
16:41:31 INFO  : Launching XSCT server: xsct.bat -interactive C:\Embedded\GITES\MotorControl\MotorControl.sdk\temp_xsdb_launch_script.tcl
16:41:34 INFO  : XSCT server has started successfully.
16:41:35 INFO  : Successfully done setting XSCT server connection channel  
16:41:35 INFO  : Successfully done setting SDK workspace  
16:41:35 INFO  : Processing command line option -hwspec C:/Embedded/GITES/MotorControl/MotorControl.sdk/motorctrl_wrapper.hdf.
16:42:50 INFO  : Registering command handlers for SDK TCF services
16:42:50 INFO  : Launching XSCT server: xsct.bat -interactive C:\Embedded\GITES\MotorControl\MotorControl.sdk\temp_xsdb_launch_script.tcl
16:42:54 INFO  : XSCT server has started successfully.
16:42:55 INFO  : Successfully done setting XSCT server connection channel  
16:42:55 INFO  : Successfully done setting SDK workspace  
16:42:55 INFO  : Processing command line option -hwspec C:/Embedded/GITES/MotorControl/MotorControl.sdk/motorctrl_wrapper.hdf.
16:42:55 INFO  : Checking for hwspec changes in the project motorctrl_wrapper_hw_platform_1.
16:43:33 INFO  : Registering command handlers for SDK TCF services
16:43:33 INFO  : Launching XSCT server: xsct.bat -interactive C:\Embedded\GITES\MotorControl\MotorControl.sdk\temp_xsdb_launch_script.tcl
16:43:36 INFO  : XSCT server has started successfully.
16:43:36 INFO  : Successfully done setting XSCT server connection channel  
16:43:37 INFO  : Successfully done setting SDK workspace  
16:43:37 INFO  : Processing command line option -hwspec C:/Embedded/GITES/MotorControl/MotorControl.sdk/motorctrl_wrapper.hdf.
