
*** Running vivado
    with args -log motorctrl_xadc_wiz_0_0.vds -m64 -product Vivado -mode batch -messageDb vivado.pb -notrace -source motorctrl_xadc_wiz_0_0.tcl


****** Vivado v2016.4 (64-bit)
  **** SW Build 1756540 on Mon Jan 23 19:11:23 MST 2017
  **** IP Build 1755317 on Mon Jan 23 20:30:07 MST 2017
    ** Copyright 1986-2016 Xilinx, Inc. All Rights Reserved.

source motorctrl_xadc_wiz_0_0.tcl -notrace
Starting RTL Elaboration : Time (s): cpu = 00:00:07 ; elapsed = 00:00:09 . Memory (MB): peak = 292.770 ; gain = 83.172
INFO: [Synth 8-638] synthesizing module 'motorctrl_xadc_wiz_0_0' [d:/GITES/MotorControl/MotorControl.srcs/sources_1/bd/motorctrl/ip/motorctrl_xadc_wiz_0_0/motorctrl_xadc_wiz_0_0.vhd:106]
INFO: [Synth 8-638] synthesizing module 'motorctrl_xadc_wiz_0_0_axi_xadc' [d:/GITES/MotorControl/MotorControl.srcs/sources_1/bd/motorctrl/ip/motorctrl_xadc_wiz_0_0/motorctrl_xadc_wiz_0_0_axi_xadc.vhd:247]
INFO: [Synth 8-638] synthesizing module 'motorctrl_xadc_wiz_0_0_axi_lite_ipif' [d:/GITES/MotorControl/MotorControl.srcs/sources_1/bd/motorctrl/ip/motorctrl_xadc_wiz_0_0/axi_lite_ipif_v1_01_a/hdl/src/vhdl/motorctrl_xadc_wiz_0_0_axi_lite_ipif.vhd:241]
INFO: [Synth 8-638] synthesizing module 'motorctrl_xadc_wiz_0_0_slave_attachment' [d:/GITES/MotorControl/MotorControl.srcs/sources_1/bd/motorctrl/ip/motorctrl_xadc_wiz_0_0/axi_lite_ipif_v1_01_a/hdl/src/vhdl/motorctrl_xadc_wiz_0_0_slave_attachment.vhd:227]
INFO: [Synth 8-638] synthesizing module 'motorctrl_xadc_wiz_0_0_address_decoder' [d:/GITES/MotorControl/MotorControl.srcs/sources_1/bd/motorctrl/ip/motorctrl_xadc_wiz_0_0/axi_lite_ipif_v1_01_a/hdl/src/vhdl/motorctrl_xadc_wiz_0_0_address_decoder.vhd:176]
INFO: [Synth 8-638] synthesizing module 'motorctrl_xadc_wiz_0_0_pselect_f' [d:/GITES/MotorControl/MotorControl.srcs/sources_1/bd/motorctrl/ip/motorctrl_xadc_wiz_0_0/proc_common_v3_30_a/hdl/src/vhdl/motorctrl_xadc_wiz_0_0_pselect_f.vhd:167]
INFO: [Synth 8-256] done synthesizing module 'motorctrl_xadc_wiz_0_0_pselect_f' (1#1) [d:/GITES/MotorControl/MotorControl.srcs/sources_1/bd/motorctrl/ip/motorctrl_xadc_wiz_0_0/proc_common_v3_30_a/hdl/src/vhdl/motorctrl_xadc_wiz_0_0_pselect_f.vhd:167]
INFO: [Synth 8-638] synthesizing module 'motorctrl_xadc_wiz_0_0_pselect_f__parameterized0' [d:/GITES/MotorControl/MotorControl.srcs/sources_1/bd/motorctrl/ip/motorctrl_xadc_wiz_0_0/proc_common_v3_30_a/hdl/src/vhdl/motorctrl_xadc_wiz_0_0_pselect_f.vhd:167]
INFO: [Synth 8-256] done synthesizing module 'motorctrl_xadc_wiz_0_0_pselect_f__parameterized0' (1#1) [d:/GITES/MotorControl/MotorControl.srcs/sources_1/bd/motorctrl/ip/motorctrl_xadc_wiz_0_0/proc_common_v3_30_a/hdl/src/vhdl/motorctrl_xadc_wiz_0_0_pselect_f.vhd:167]
INFO: [Synth 8-638] synthesizing module 'motorctrl_xadc_wiz_0_0_pselect_f__parameterized1' [d:/GITES/MotorControl/MotorControl.srcs/sources_1/bd/motorctrl/ip/motorctrl_xadc_wiz_0_0/proc_common_v3_30_a/hdl/src/vhdl/motorctrl_xadc_wiz_0_0_pselect_f.vhd:167]
INFO: [Synth 8-256] done synthesizing module 'motorctrl_xadc_wiz_0_0_pselect_f__parameterized1' (1#1) [d:/GITES/MotorControl/MotorControl.srcs/sources_1/bd/motorctrl/ip/motorctrl_xadc_wiz_0_0/proc_common_v3_30_a/hdl/src/vhdl/motorctrl_xadc_wiz_0_0_pselect_f.vhd:167]
INFO: [Synth 8-638] synthesizing module 'motorctrl_xadc_wiz_0_0_pselect_f__parameterized2' [d:/GITES/MotorControl/MotorControl.srcs/sources_1/bd/motorctrl/ip/motorctrl_xadc_wiz_0_0/proc_common_v3_30_a/hdl/src/vhdl/motorctrl_xadc_wiz_0_0_pselect_f.vhd:167]
INFO: [Synth 8-256] done synthesizing module 'motorctrl_xadc_wiz_0_0_pselect_f__parameterized2' (1#1) [d:/GITES/MotorControl/MotorControl.srcs/sources_1/bd/motorctrl/ip/motorctrl_xadc_wiz_0_0/proc_common_v3_30_a/hdl/src/vhdl/motorctrl_xadc_wiz_0_0_pselect_f.vhd:167]
INFO: [Synth 8-638] synthesizing module 'motorctrl_xadc_wiz_0_0_pselect_f__parameterized3' [d:/GITES/MotorControl/MotorControl.srcs/sources_1/bd/motorctrl/ip/motorctrl_xadc_wiz_0_0/proc_common_v3_30_a/hdl/src/vhdl/motorctrl_xadc_wiz_0_0_pselect_f.vhd:167]
INFO: [Synth 8-256] done synthesizing module 'motorctrl_xadc_wiz_0_0_pselect_f__parameterized3' (1#1) [d:/GITES/MotorControl/MotorControl.srcs/sources_1/bd/motorctrl/ip/motorctrl_xadc_wiz_0_0/proc_common_v3_30_a/hdl/src/vhdl/motorctrl_xadc_wiz_0_0_pselect_f.vhd:167]
INFO: [Synth 8-638] synthesizing module 'motorctrl_xadc_wiz_0_0_pselect_f__parameterized4' [d:/GITES/MotorControl/MotorControl.srcs/sources_1/bd/motorctrl/ip/motorctrl_xadc_wiz_0_0/proc_common_v3_30_a/hdl/src/vhdl/motorctrl_xadc_wiz_0_0_pselect_f.vhd:167]
INFO: [Synth 8-256] done synthesizing module 'motorctrl_xadc_wiz_0_0_pselect_f__parameterized4' (1#1) [d:/GITES/MotorControl/MotorControl.srcs/sources_1/bd/motorctrl/ip/motorctrl_xadc_wiz_0_0/proc_common_v3_30_a/hdl/src/vhdl/motorctrl_xadc_wiz_0_0_pselect_f.vhd:167]
INFO: [Synth 8-638] synthesizing module 'motorctrl_xadc_wiz_0_0_pselect_f__parameterized5' [d:/GITES/MotorControl/MotorControl.srcs/sources_1/bd/motorctrl/ip/motorctrl_xadc_wiz_0_0/proc_common_v3_30_a/hdl/src/vhdl/motorctrl_xadc_wiz_0_0_pselect_f.vhd:167]
INFO: [Synth 8-256] done synthesizing module 'motorctrl_xadc_wiz_0_0_pselect_f__parameterized5' (1#1) [d:/GITES/MotorControl/MotorControl.srcs/sources_1/bd/motorctrl/ip/motorctrl_xadc_wiz_0_0/proc_common_v3_30_a/hdl/src/vhdl/motorctrl_xadc_wiz_0_0_pselect_f.vhd:167]
INFO: [Synth 8-638] synthesizing module 'motorctrl_xadc_wiz_0_0_pselect_f__parameterized6' [d:/GITES/MotorControl/MotorControl.srcs/sources_1/bd/motorctrl/ip/motorctrl_xadc_wiz_0_0/proc_common_v3_30_a/hdl/src/vhdl/motorctrl_xadc_wiz_0_0_pselect_f.vhd:167]
INFO: [Synth 8-256] done synthesizing module 'motorctrl_xadc_wiz_0_0_pselect_f__parameterized6' (1#1) [d:/GITES/MotorControl/MotorControl.srcs/sources_1/bd/motorctrl/ip/motorctrl_xadc_wiz_0_0/proc_common_v3_30_a/hdl/src/vhdl/motorctrl_xadc_wiz_0_0_pselect_f.vhd:167]
INFO: [Synth 8-638] synthesizing module 'motorctrl_xadc_wiz_0_0_pselect_f__parameterized7' [d:/GITES/MotorControl/MotorControl.srcs/sources_1/bd/motorctrl/ip/motorctrl_xadc_wiz_0_0/proc_common_v3_30_a/hdl/src/vhdl/motorctrl_xadc_wiz_0_0_pselect_f.vhd:167]
INFO: [Synth 8-256] done synthesizing module 'motorctrl_xadc_wiz_0_0_pselect_f__parameterized7' (1#1) [d:/GITES/MotorControl/MotorControl.srcs/sources_1/bd/motorctrl/ip/motorctrl_xadc_wiz_0_0/proc_common_v3_30_a/hdl/src/vhdl/motorctrl_xadc_wiz_0_0_pselect_f.vhd:167]
INFO: [Synth 8-638] synthesizing module 'motorctrl_xadc_wiz_0_0_pselect_f__parameterized8' [d:/GITES/MotorControl/MotorControl.srcs/sources_1/bd/motorctrl/ip/motorctrl_xadc_wiz_0_0/proc_common_v3_30_a/hdl/src/vhdl/motorctrl_xadc_wiz_0_0_pselect_f.vhd:167]
INFO: [Synth 8-256] done synthesizing module 'motorctrl_xadc_wiz_0_0_pselect_f__parameterized8' (1#1) [d:/GITES/MotorControl/MotorControl.srcs/sources_1/bd/motorctrl/ip/motorctrl_xadc_wiz_0_0/proc_common_v3_30_a/hdl/src/vhdl/motorctrl_xadc_wiz_0_0_pselect_f.vhd:167]
INFO: [Synth 8-638] synthesizing module 'motorctrl_xadc_wiz_0_0_pselect_f__parameterized9' [d:/GITES/MotorControl/MotorControl.srcs/sources_1/bd/motorctrl/ip/motorctrl_xadc_wiz_0_0/proc_common_v3_30_a/hdl/src/vhdl/motorctrl_xadc_wiz_0_0_pselect_f.vhd:167]
INFO: [Synth 8-256] done synthesizing module 'motorctrl_xadc_wiz_0_0_pselect_f__parameterized9' (1#1) [d:/GITES/MotorControl/MotorControl.srcs/sources_1/bd/motorctrl/ip/motorctrl_xadc_wiz_0_0/proc_common_v3_30_a/hdl/src/vhdl/motorctrl_xadc_wiz_0_0_pselect_f.vhd:167]
INFO: [Synth 8-638] synthesizing module 'motorctrl_xadc_wiz_0_0_pselect_f__parameterized10' [d:/GITES/MotorControl/MotorControl.srcs/sources_1/bd/motorctrl/ip/motorctrl_xadc_wiz_0_0/proc_common_v3_30_a/hdl/src/vhdl/motorctrl_xadc_wiz_0_0_pselect_f.vhd:167]
INFO: [Synth 8-256] done synthesizing module 'motorctrl_xadc_wiz_0_0_pselect_f__parameterized10' (1#1) [d:/GITES/MotorControl/MotorControl.srcs/sources_1/bd/motorctrl/ip/motorctrl_xadc_wiz_0_0/proc_common_v3_30_a/hdl/src/vhdl/motorctrl_xadc_wiz_0_0_pselect_f.vhd:167]
INFO: [Synth 8-638] synthesizing module 'motorctrl_xadc_wiz_0_0_pselect_f__parameterized11' [d:/GITES/MotorControl/MotorControl.srcs/sources_1/bd/motorctrl/ip/motorctrl_xadc_wiz_0_0/proc_common_v3_30_a/hdl/src/vhdl/motorctrl_xadc_wiz_0_0_pselect_f.vhd:167]
INFO: [Synth 8-256] done synthesizing module 'motorctrl_xadc_wiz_0_0_pselect_f__parameterized11' (1#1) [d:/GITES/MotorControl/MotorControl.srcs/sources_1/bd/motorctrl/ip/motorctrl_xadc_wiz_0_0/proc_common_v3_30_a/hdl/src/vhdl/motorctrl_xadc_wiz_0_0_pselect_f.vhd:167]
INFO: [Synth 8-638] synthesizing module 'motorctrl_xadc_wiz_0_0_pselect_f__parameterized12' [d:/GITES/MotorControl/MotorControl.srcs/sources_1/bd/motorctrl/ip/motorctrl_xadc_wiz_0_0/proc_common_v3_30_a/hdl/src/vhdl/motorctrl_xadc_wiz_0_0_pselect_f.vhd:167]
INFO: [Synth 8-256] done synthesizing module 'motorctrl_xadc_wiz_0_0_pselect_f__parameterized12' (1#1) [d:/GITES/MotorControl/MotorControl.srcs/sources_1/bd/motorctrl/ip/motorctrl_xadc_wiz_0_0/proc_common_v3_30_a/hdl/src/vhdl/motorctrl_xadc_wiz_0_0_pselect_f.vhd:167]
INFO: [Synth 8-638] synthesizing module 'motorctrl_xadc_wiz_0_0_pselect_f__parameterized13' [d:/GITES/MotorControl/MotorControl.srcs/sources_1/bd/motorctrl/ip/motorctrl_xadc_wiz_0_0/proc_common_v3_30_a/hdl/src/vhdl/motorctrl_xadc_wiz_0_0_pselect_f.vhd:167]
INFO: [Synth 8-256] done synthesizing module 'motorctrl_xadc_wiz_0_0_pselect_f__parameterized13' (1#1) [d:/GITES/MotorControl/MotorControl.srcs/sources_1/bd/motorctrl/ip/motorctrl_xadc_wiz_0_0/proc_common_v3_30_a/hdl/src/vhdl/motorctrl_xadc_wiz_0_0_pselect_f.vhd:167]
INFO: [Synth 8-638] synthesizing module 'motorctrl_xadc_wiz_0_0_pselect_f__parameterized14' [d:/GITES/MotorControl/MotorControl.srcs/sources_1/bd/motorctrl/ip/motorctrl_xadc_wiz_0_0/proc_common_v3_30_a/hdl/src/vhdl/motorctrl_xadc_wiz_0_0_pselect_f.vhd:167]
INFO: [Synth 8-256] done synthesizing module 'motorctrl_xadc_wiz_0_0_pselect_f__parameterized14' (1#1) [d:/GITES/MotorControl/MotorControl.srcs/sources_1/bd/motorctrl/ip/motorctrl_xadc_wiz_0_0/proc_common_v3_30_a/hdl/src/vhdl/motorctrl_xadc_wiz_0_0_pselect_f.vhd:167]
INFO: [Synth 8-638] synthesizing module 'motorctrl_xadc_wiz_0_0_pselect_f__parameterized15' [d:/GITES/MotorControl/MotorControl.srcs/sources_1/bd/motorctrl/ip/motorctrl_xadc_wiz_0_0/proc_common_v3_30_a/hdl/src/vhdl/motorctrl_xadc_wiz_0_0_pselect_f.vhd:167]
INFO: [Synth 8-256] done synthesizing module 'motorctrl_xadc_wiz_0_0_pselect_f__parameterized15' (1#1) [d:/GITES/MotorControl/MotorControl.srcs/sources_1/bd/motorctrl/ip/motorctrl_xadc_wiz_0_0/proc_common_v3_30_a/hdl/src/vhdl/motorctrl_xadc_wiz_0_0_pselect_f.vhd:167]
INFO: [Synth 8-638] synthesizing module 'motorctrl_xadc_wiz_0_0_pselect_f__parameterized16' [d:/GITES/MotorControl/MotorControl.srcs/sources_1/bd/motorctrl/ip/motorctrl_xadc_wiz_0_0/proc_common_v3_30_a/hdl/src/vhdl/motorctrl_xadc_wiz_0_0_pselect_f.vhd:167]
INFO: [Synth 8-256] done synthesizing module 'motorctrl_xadc_wiz_0_0_pselect_f__parameterized16' (1#1) [d:/GITES/MotorControl/MotorControl.srcs/sources_1/bd/motorctrl/ip/motorctrl_xadc_wiz_0_0/proc_common_v3_30_a/hdl/src/vhdl/motorctrl_xadc_wiz_0_0_pselect_f.vhd:167]
INFO: [Synth 8-638] synthesizing module 'motorctrl_xadc_wiz_0_0_pselect_f__parameterized17' [d:/GITES/MotorControl/MotorControl.srcs/sources_1/bd/motorctrl/ip/motorctrl_xadc_wiz_0_0/proc_common_v3_30_a/hdl/src/vhdl/motorctrl_xadc_wiz_0_0_pselect_f.vhd:167]
INFO: [Synth 8-256] done synthesizing module 'motorctrl_xadc_wiz_0_0_pselect_f__parameterized17' (1#1) [d:/GITES/MotorControl/MotorControl.srcs/sources_1/bd/motorctrl/ip/motorctrl_xadc_wiz_0_0/proc_common_v3_30_a/hdl/src/vhdl/motorctrl_xadc_wiz_0_0_pselect_f.vhd:167]
INFO: [Synth 8-638] synthesizing module 'motorctrl_xadc_wiz_0_0_pselect_f__parameterized18' [d:/GITES/MotorControl/MotorControl.srcs/sources_1/bd/motorctrl/ip/motorctrl_xadc_wiz_0_0/proc_common_v3_30_a/hdl/src/vhdl/motorctrl_xadc_wiz_0_0_pselect_f.vhd:167]
INFO: [Synth 8-256] done synthesizing module 'motorctrl_xadc_wiz_0_0_pselect_f__parameterized18' (1#1) [d:/GITES/MotorControl/MotorControl.srcs/sources_1/bd/motorctrl/ip/motorctrl_xadc_wiz_0_0/proc_common_v3_30_a/hdl/src/vhdl/motorctrl_xadc_wiz_0_0_pselect_f.vhd:167]
INFO: [Synth 8-638] synthesizing module 'motorctrl_xadc_wiz_0_0_pselect_f__parameterized19' [d:/GITES/MotorControl/MotorControl.srcs/sources_1/bd/motorctrl/ip/motorctrl_xadc_wiz_0_0/proc_common_v3_30_a/hdl/src/vhdl/motorctrl_xadc_wiz_0_0_pselect_f.vhd:167]
INFO: [Synth 8-256] done synthesizing module 'motorctrl_xadc_wiz_0_0_pselect_f__parameterized19' (1#1) [d:/GITES/MotorControl/MotorControl.srcs/sources_1/bd/motorctrl/ip/motorctrl_xadc_wiz_0_0/proc_common_v3_30_a/hdl/src/vhdl/motorctrl_xadc_wiz_0_0_pselect_f.vhd:167]
INFO: [Synth 8-638] synthesizing module 'motorctrl_xadc_wiz_0_0_pselect_f__parameterized20' [d:/GITES/MotorControl/MotorControl.srcs/sources_1/bd/motorctrl/ip/motorctrl_xadc_wiz_0_0/proc_common_v3_30_a/hdl/src/vhdl/motorctrl_xadc_wiz_0_0_pselect_f.vhd:167]
INFO: [Synth 8-256] done synthesizing module 'motorctrl_xadc_wiz_0_0_pselect_f__parameterized20' (1#1) [d:/GITES/MotorControl/MotorControl.srcs/sources_1/bd/motorctrl/ip/motorctrl_xadc_wiz_0_0/proc_common_v3_30_a/hdl/src/vhdl/motorctrl_xadc_wiz_0_0_pselect_f.vhd:167]
INFO: [Synth 8-638] synthesizing module 'motorctrl_xadc_wiz_0_0_pselect_f__parameterized21' [d:/GITES/MotorControl/MotorControl.srcs/sources_1/bd/motorctrl/ip/motorctrl_xadc_wiz_0_0/proc_common_v3_30_a/hdl/src/vhdl/motorctrl_xadc_wiz_0_0_pselect_f.vhd:167]
INFO: [Synth 8-256] done synthesizing module 'motorctrl_xadc_wiz_0_0_pselect_f__parameterized21' (1#1) [d:/GITES/MotorControl/MotorControl.srcs/sources_1/bd/motorctrl/ip/motorctrl_xadc_wiz_0_0/proc_common_v3_30_a/hdl/src/vhdl/motorctrl_xadc_wiz_0_0_pselect_f.vhd:167]
INFO: [Synth 8-638] synthesizing module 'motorctrl_xadc_wiz_0_0_pselect_f__parameterized22' [d:/GITES/MotorControl/MotorControl.srcs/sources_1/bd/motorctrl/ip/motorctrl_xadc_wiz_0_0/proc_common_v3_30_a/hdl/src/vhdl/motorctrl_xadc_wiz_0_0_pselect_f.vhd:167]
INFO: [Synth 8-256] done synthesizing module 'motorctrl_xadc_wiz_0_0_pselect_f__parameterized22' (1#1) [d:/GITES/MotorControl/MotorControl.srcs/sources_1/bd/motorctrl/ip/motorctrl_xadc_wiz_0_0/proc_common_v3_30_a/hdl/src/vhdl/motorctrl_xadc_wiz_0_0_pselect_f.vhd:167]
INFO: [Synth 8-638] synthesizing module 'motorctrl_xadc_wiz_0_0_pselect_f__parameterized23' [d:/GITES/MotorControl/MotorControl.srcs/sources_1/bd/motorctrl/ip/motorctrl_xadc_wiz_0_0/proc_common_v3_30_a/hdl/src/vhdl/motorctrl_xadc_wiz_0_0_pselect_f.vhd:167]
INFO: [Synth 8-256] done synthesizing module 'motorctrl_xadc_wiz_0_0_pselect_f__parameterized23' (1#1) [d:/GITES/MotorControl/MotorControl.srcs/sources_1/bd/motorctrl/ip/motorctrl_xadc_wiz_0_0/proc_common_v3_30_a/hdl/src/vhdl/motorctrl_xadc_wiz_0_0_pselect_f.vhd:167]
INFO: [Synth 8-638] synthesizing module 'motorctrl_xadc_wiz_0_0_pselect_f__parameterized24' [d:/GITES/MotorControl/MotorControl.srcs/sources_1/bd/motorctrl/ip/motorctrl_xadc_wiz_0_0/proc_common_v3_30_a/hdl/src/vhdl/motorctrl_xadc_wiz_0_0_pselect_f.vhd:167]
INFO: [Synth 8-256] done synthesizing module 'motorctrl_xadc_wiz_0_0_pselect_f__parameterized24' (1#1) [d:/GITES/MotorControl/MotorControl.srcs/sources_1/bd/motorctrl/ip/motorctrl_xadc_wiz_0_0/proc_common_v3_30_a/hdl/src/vhdl/motorctrl_xadc_wiz_0_0_pselect_f.vhd:167]
INFO: [Synth 8-638] synthesizing module 'motorctrl_xadc_wiz_0_0_pselect_f__parameterized25' [d:/GITES/MotorControl/MotorControl.srcs/sources_1/bd/motorctrl/ip/motorctrl_xadc_wiz_0_0/proc_common_v3_30_a/hdl/src/vhdl/motorctrl_xadc_wiz_0_0_pselect_f.vhd:167]
INFO: [Synth 8-256] done synthesizing module 'motorctrl_xadc_wiz_0_0_pselect_f__parameterized25' (1#1) [d:/GITES/MotorControl/MotorControl.srcs/sources_1/bd/motorctrl/ip/motorctrl_xadc_wiz_0_0/proc_common_v3_30_a/hdl/src/vhdl/motorctrl_xadc_wiz_0_0_pselect_f.vhd:167]
INFO: [Synth 8-256] done synthesizing module 'motorctrl_xadc_wiz_0_0_address_decoder' (2#1) [d:/GITES/MotorControl/MotorControl.srcs/sources_1/bd/motorctrl/ip/motorctrl_xadc_wiz_0_0/axi_lite_ipif_v1_01_a/hdl/src/vhdl/motorctrl_xadc_wiz_0_0_address_decoder.vhd:176]
INFO: [Synth 8-256] done synthesizing module 'motorctrl_xadc_wiz_0_0_slave_attachment' (3#1) [d:/GITES/MotorControl/MotorControl.srcs/sources_1/bd/motorctrl/ip/motorctrl_xadc_wiz_0_0/axi_lite_ipif_v1_01_a/hdl/src/vhdl/motorctrl_xadc_wiz_0_0_slave_attachment.vhd:227]
INFO: [Synth 8-256] done synthesizing module 'motorctrl_xadc_wiz_0_0_axi_lite_ipif' (4#1) [d:/GITES/MotorControl/MotorControl.srcs/sources_1/bd/motorctrl/ip/motorctrl_xadc_wiz_0_0/axi_lite_ipif_v1_01_a/hdl/src/vhdl/motorctrl_xadc_wiz_0_0_axi_lite_ipif.vhd:241]
INFO: [Synth 8-638] synthesizing module 'motorctrl_xadc_wiz_0_0_xadc_core_drp' [d:/GITES/MotorControl/MotorControl.srcs/sources_1/bd/motorctrl/ip/motorctrl_xadc_wiz_0_0/motorctrl_xadc_wiz_0_0_xadc_core_drp.vhd:195]
INFO: [Synth 8-256] done synthesizing module 'motorctrl_xadc_wiz_0_0_xadc_core_drp' (5#1) [d:/GITES/MotorControl/MotorControl.srcs/sources_1/bd/motorctrl/ip/motorctrl_xadc_wiz_0_0/motorctrl_xadc_wiz_0_0_xadc_core_drp.vhd:195]
INFO: [Synth 8-638] synthesizing module 'motorctrl_xadc_wiz_0_0_soft_reset' [d:/GITES/MotorControl/MotorControl.srcs/sources_1/bd/motorctrl/ip/motorctrl_xadc_wiz_0_0/proc_common_v3_30_a/hdl/src/vhdl/motorctrl_xadc_wiz_0_0_soft_reset.vhd:142]
INFO: [Synth 8-256] done synthesizing module 'motorctrl_xadc_wiz_0_0_soft_reset' (6#1) [d:/GITES/MotorControl/MotorControl.srcs/sources_1/bd/motorctrl/ip/motorctrl_xadc_wiz_0_0/proc_common_v3_30_a/hdl/src/vhdl/motorctrl_xadc_wiz_0_0_soft_reset.vhd:142]
INFO: [Synth 8-638] synthesizing module 'motorctrl_xadc_wiz_0_0_interrupt_control' [d:/GITES/MotorControl/MotorControl.srcs/sources_1/bd/motorctrl/ip/motorctrl_xadc_wiz_0_0/interrupt_control_v2_01_a/hdl/src/vhdl/motorctrl_xadc_wiz_0_0_interrupt_control.vhd:240]
INFO: [Synth 8-256] done synthesizing module 'motorctrl_xadc_wiz_0_0_interrupt_control' (7#1) [d:/GITES/MotorControl/MotorControl.srcs/sources_1/bd/motorctrl/ip/motorctrl_xadc_wiz_0_0/interrupt_control_v2_01_a/hdl/src/vhdl/motorctrl_xadc_wiz_0_0_interrupt_control.vhd:240]
INFO: [Synth 8-256] done synthesizing module 'motorctrl_xadc_wiz_0_0_axi_xadc' (8#1) [d:/GITES/MotorControl/MotorControl.srcs/sources_1/bd/motorctrl/ip/motorctrl_xadc_wiz_0_0/motorctrl_xadc_wiz_0_0_axi_xadc.vhd:247]
INFO: [Synth 8-256] done synthesizing module 'motorctrl_xadc_wiz_0_0' (9#1) [d:/GITES/MotorControl/MotorControl.srcs/sources_1/bd/motorctrl/ip/motorctrl_xadc_wiz_0_0/motorctrl_xadc_wiz_0_0.vhd:106]
Finished RTL Elaboration : Time (s): cpu = 00:00:18 ; elapsed = 00:00:21 . Memory (MB): peak = 362.621 ; gain = 153.023
Finished RTL Optimization Phase 1 : Time (s): cpu = 00:00:18 ; elapsed = 00:00:21 . Memory (MB): peak = 362.621 ; gain = 153.023
INFO: [Device 21-403] Loading part xc7z010clg400-1
Constraint Validation Runtime : Time (s): cpu = 00:00:00 ; elapsed = 00:00:00.024 . Memory (MB): peak = 634.703 ; gain = 0.039
Finished Constraint Validation : Time (s): cpu = 00:00:28 ; elapsed = 00:00:31 . Memory (MB): peak = 634.703 ; gain = 425.105
Finished Loading Part and Timing Information : Time (s): cpu = 00:00:28 ; elapsed = 00:00:31 . Memory (MB): peak = 634.703 ; gain = 425.105
Finished applying 'set_property' XDC Constraints : Time (s): cpu = 00:00:28 ; elapsed = 00:00:31 . Memory (MB): peak = 634.703 ; gain = 425.105
Finished RTL Optimization Phase 2 : Time (s): cpu = 00:00:29 ; elapsed = 00:00:32 . Memory (MB): peak = 634.703 ; gain = 425.105
Finished Cross Boundary and Area Optimization : Time (s): cpu = 00:00:31 ; elapsed = 00:00:34 . Memory (MB): peak = 634.703 ; gain = 425.105
Finished Applying XDC Timing Constraints : Time (s): cpu = 00:00:42 ; elapsed = 00:00:46 . Memory (MB): peak = 634.703 ; gain = 425.105
Finished Timing Optimization : Time (s): cpu = 00:00:43 ; elapsed = 00:00:47 . Memory (MB): peak = 634.711 ; gain = 425.113
Finished Technology Mapping : Time (s): cpu = 00:00:43 ; elapsed = 00:00:47 . Memory (MB): peak = 634.711 ; gain = 425.113
Finished IO Insertion : Time (s): cpu = 00:00:44 ; elapsed = 00:00:48 . Memory (MB): peak = 634.711 ; gain = 425.113
Finished Renaming Generated Instances : Time (s): cpu = 00:00:44 ; elapsed = 00:00:48 . Memory (MB): peak = 634.711 ; gain = 425.113
Finished Rebuilding User Hierarchy : Time (s): cpu = 00:00:44 ; elapsed = 00:00:48 . Memory (MB): peak = 634.711 ; gain = 425.113
Finished Renaming Generated Ports : Time (s): cpu = 00:00:44 ; elapsed = 00:00:48 . Memory (MB): peak = 634.711 ; gain = 425.113
Finished Handling Custom Attributes : Time (s): cpu = 00:00:44 ; elapsed = 00:00:48 . Memory (MB): peak = 634.711 ; gain = 425.113
Finished Renaming Generated Nets : Time (s): cpu = 00:00:44 ; elapsed = 00:00:48 . Memory (MB): peak = 634.711 ; gain = 425.113

Report Cell Usage: 
+------+-----+------+
|      |Cell |Count |
+------+-----+------+
|1     |LUT1 |     2|
|2     |LUT2 |    38|
|3     |LUT3 |    23|
|4     |LUT4 |    21|
|5     |LUT5 |    51|
|6     |LUT6 |    63|
|7     |XADC |     1|
|8     |FDRE |   207|
|9     |FDSE |    30|
+------+-----+------+
Finished Writing Synthesis Report : Time (s): cpu = 00:00:44 ; elapsed = 00:00:48 . Memory (MB): peak = 634.711 ; gain = 425.113
synth_design: Time (s): cpu = 00:00:43 ; elapsed = 00:00:44 . Memory (MB): peak = 634.711 ; gain = 418.988
